2025-05-11 23:13:58 [[31merror[39m]: Error
    at Query.run (D:\projehCenter\coffi\node_modules\sequelize\lib\dialects\mysql\query.js:52:25)
    at D:\projehCenter\coffi\node_modules\sequelize\lib\sequelize.js:315:28
    at process.processTicksAndRejections (node:internal/process/task_queues:95:5)
    at async OrderProduct.sync (D:\projehCenter\coffi\node_modules\sequelize\lib\model.js:984:11)
    at async Sequelize.sync (D:\projehCenter\coffi\node_modules\sequelize\lib\sequelize.js:377:9)
2025-05-11 23:14:14 [[31merror[39m]: Error
    at Query.run (D:\projehCenter\coffi\node_modules\sequelize\lib\dialects\mysql\query.js:52:25)
    at D:\projehCenter\coffi\node_modules\sequelize\lib\sequelize.js:315:28
    at process.processTicksAndRejections (node:internal/process/task_queues:95:5)
    at async OrderProduct.sync (D:\projehCenter\coffi\node_modules\sequelize\lib\model.js:984:11)
    at async Sequelize.sync (D:\projehCenter\coffi\node_modules\sequelize\lib\sequelize.js:377:9)
2025-05-11 23:14:52 [[31merror[39m]: Error
    at Query.run (D:\projehCenter\coffi\node_modules\sequelize\lib\dialects\mysql\query.js:52:25)
    at D:\projehCenter\coffi\node_modules\sequelize\lib\sequelize.js:315:28
    at process.processTicksAndRejections (node:internal/process/task_queues:95:5)
    at async OrderProduct.sync (D:\projehCenter\coffi\node_modules\sequelize\lib\model.js:984:11)
    at async Sequelize.sync (D:\projehCenter\coffi\node_modules\sequelize\lib\sequelize.js:377:9)
2025-05-11 23:14:57 [[31merror[39m]: Error
    at Query.run (D:\projehCenter\coffi\node_modules\sequelize\lib\dialects\mysql\query.js:52:25)
    at D:\projehCenter\coffi\node_modules\sequelize\lib\sequelize.js:315:28
    at process.processTicksAndRejections (node:internal/process/task_queues:95:5)
    at async OrderProduct.sync (D:\projehCenter\coffi\node_modules\sequelize\lib\model.js:984:11)
    at async Sequelize.sync (D:\projehCenter\coffi\node_modules\sequelize\lib\sequelize.js:377:9)
2025-05-11 23:15:38 [[31merror[39m]: Error
    at Query.run (D:\projehCenter\coffi\node_modules\sequelize\lib\dialects\mysql\query.js:52:25)
    at D:\projehCenter\coffi\node_modules\sequelize\lib\sequelize.js:315:28
    at process.processTicksAndRejections (node:internal/process/task_queues:95:5)
    at async OrderProduct.sync (D:\projehCenter\coffi\node_modules\sequelize\lib\model.js:984:11)
    at async Sequelize.sync (D:\projehCenter\coffi\node_modules\sequelize\lib\sequelize.js:377:9)
2025-05-11 23:16:29 [[31merror[39m]: Error
    at Query.run (D:\projehCenter\coffi\node_modules\sequelize\lib\dialects\mysql\query.js:52:25)
    at D:\projehCenter\coffi\node_modules\sequelize\lib\sequelize.js:315:28
    at process.processTicksAndRejections (node:internal/process/task_queues:95:5)
    at async OrderProduct.sync (D:\projehCenter\coffi\node_modules\sequelize\lib\model.js:984:11)
    at async Sequelize.sync (D:\projehCenter\coffi\node_modules\sequelize\lib\sequelize.js:377:9)
2025-05-11 23:16:38 [[31merror[39m]: Error
    at Query.run (D:\projehCenter\coffi\node_modules\sequelize\lib\dialects\mysql\query.js:52:25)
    at D:\projehCenter\coffi\node_modules\sequelize\lib\sequelize.js:315:28
    at process.processTicksAndRejections (node:internal/process/task_queues:95:5)
    at async OrderProduct.sync (D:\projehCenter\coffi\node_modules\sequelize\lib\model.js:984:11)
    at async Sequelize.sync (D:\projehCenter\coffi\node_modules\sequelize\lib\sequelize.js:377:9)
2025-05-11 23:18:44 [[31merror[39m]: Error
    at Query.run (D:\projehCenter\coffi\node_modules\sequelize\lib\dialects\mysql\query.js:52:25)
    at D:\projehCenter\coffi\node_modules\sequelize\lib\sequelize.js:315:28
    at process.processTicksAndRejections (node:internal/process/task_queues:95:5)
    at async OrderProduct.sync (D:\projehCenter\coffi\node_modules\sequelize\lib\model.js:984:11)
    at async Sequelize.sync (D:\projehCenter\coffi\node_modules\sequelize\lib\sequelize.js:377:9)
2025-05-11 23:20:47 [[31merror[39m]: Error
    at Query.run (D:\projehCenter\coffi\node_modules\sequelize\lib\dialects\mysql\query.js:52:25)
    at D:\projehCenter\coffi\node_modules\sequelize\lib\sequelize.js:315:28
    at process.processTicksAndRejections (node:internal/process/task_queues:95:5)
    at async OrderProduct.sync (D:\projehCenter\coffi\node_modules\sequelize\lib\model.js:984:11)
    at async Sequelize.sync (D:\projehCenter\coffi\node_modules\sequelize\lib\sequelize.js:377:9)
2025-05-11 23:20:57 [[31merror[39m]: Error
    at Query.run (D:\projehCenter\coffi\node_modules\sequelize\lib\dialects\mysql\query.js:52:25)
    at D:\projehCenter\coffi\node_modules\sequelize\lib\sequelize.js:315:28
    at process.processTicksAndRejections (node:internal/process/task_queues:95:5)
    at async OrderProduct.sync (D:\projehCenter\coffi\node_modules\sequelize\lib\model.js:984:11)
    at async Sequelize.sync (D:\projehCenter\coffi\node_modules\sequelize\lib\sequelize.js:377:9)
2025-05-11 23:21:22 [[31merror[39m]: Error
    at Query.run (D:\projehCenter\coffi\node_modules\sequelize\lib\dialects\mysql\query.js:52:25)
    at D:\projehCenter\coffi\node_modules\sequelize\lib\sequelize.js:315:28
    at process.processTicksAndRejections (node:internal/process/task_queues:95:5)
    at async OrderProduct.sync (D:\projehCenter\coffi\node_modules\sequelize\lib\model.js:984:11)
    at async Sequelize.sync (D:\projehCenter\coffi\node_modules\sequelize\lib\sequelize.js:377:9)
2025-05-11 23:21:56 [[31merror[39m]: Error
    at Query.run (D:\projehCenter\coffi\node_modules\sequelize\lib\dialects\mysql\query.js:52:25)
    at D:\projehCenter\coffi\node_modules\sequelize\lib\sequelize.js:315:28
    at process.processTicksAndRejections (node:internal/process/task_queues:95:5)
    at async OrderProduct.sync (D:\projehCenter\coffi\node_modules\sequelize\lib\model.js:984:11)
    at async Sequelize.sync (D:\projehCenter\coffi\node_modules\sequelize\lib\sequelize.js:377:9)
2025-05-11 23:22:50 [[31merror[39m]: Error
    at Query.run (D:\projehCenter\coffi\node_modules\sequelize\lib\dialects\mysql\query.js:52:25)
    at D:\projehCenter\coffi\node_modules\sequelize\lib\sequelize.js:315:28
    at process.processTicksAndRejections (node:internal/process/task_queues:95:5)
    at async OrderProduct.sync (D:\projehCenter\coffi\node_modules\sequelize\lib\model.js:984:11)
    at async Sequelize.sync (D:\projehCenter\coffi\node_modules\sequelize\lib\sequelize.js:377:9)
2025-05-11 23:23:10 [[31merror[39m]: Error
    at Query.run (D:\projehCenter\coffi\node_modules\sequelize\lib\dialects\mysql\query.js:52:25)
    at D:\projehCenter\coffi\node_modules\sequelize\lib\sequelize.js:315:28
    at process.processTicksAndRejections (node:internal/process/task_queues:95:5)
    at async OrderProduct.sync (D:\projehCenter\coffi\node_modules\sequelize\lib\model.js:984:11)
    at async Sequelize.sync (D:\projehCenter\coffi\node_modules\sequelize\lib\sequelize.js:377:9)
2025-05-11 23:23:32 [[31merror[39m]: Error
    at Query.run (D:\projehCenter\coffi\node_modules\sequelize\lib\dialects\mysql\query.js:52:25)
    at D:\projehCenter\coffi\node_modules\sequelize\lib\sequelize.js:315:28
    at process.processTicksAndRejections (node:internal/process/task_queues:95:5)
    at async OrderProduct.sync (D:\projehCenter\coffi\node_modules\sequelize\lib\model.js:984:11)
    at async Sequelize.sync (D:\projehCenter\coffi\node_modules\sequelize\lib\sequelize.js:377:9)
2025-05-11 23:24:29 [[31merror[39m]: Error
    at Query.run (D:\projehCenter\coffi\node_modules\sequelize\lib\dialects\mysql\query.js:52:25)
    at D:\projehCenter\coffi\node_modules\sequelize\lib\sequelize.js:315:28
    at process.processTicksAndRejections (node:internal/process/task_queues:95:5)
    at async OrderProduct.sync (D:\projehCenter\coffi\node_modules\sequelize\lib\model.js:984:11)
    at async Sequelize.sync (D:\projehCenter\coffi\node_modules\sequelize\lib\sequelize.js:377:9)
2025-05-11 23:24:35 [[31merror[39m]: Error
    at Query.run (D:\projehCenter\coffi\node_modules\sequelize\lib\dialects\mysql\query.js:52:25)
    at D:\projehCenter\coffi\node_modules\sequelize\lib\sequelize.js:315:28
    at process.processTicksAndRejections (node:internal/process/task_queues:95:5)
    at async OrderProduct.sync (D:\projehCenter\coffi\node_modules\sequelize\lib\model.js:984:11)
    at async Sequelize.sync (D:\projehCenter\coffi\node_modules\sequelize\lib\sequelize.js:377:9)
2025-05-11 23:24:41 [[31merror[39m]: Error
    at Query.run (D:\projehCenter\coffi\node_modules\sequelize\lib\dialects\mysql\query.js:52:25)
    at D:\projehCenter\coffi\node_modules\sequelize\lib\sequelize.js:315:28
    at process.processTicksAndRejections (node:internal/process/task_queues:95:5)
    at async OrderProduct.sync (D:\projehCenter\coffi\node_modules\sequelize\lib\model.js:984:11)
    at async Sequelize.sync (D:\projehCenter\coffi\node_modules\sequelize\lib\sequelize.js:377:9)
2025-05-11 23:24:46 [[31merror[39m]: Error
    at Query.run (D:\projehCenter\coffi\node_modules\sequelize\lib\dialects\mysql\query.js:52:25)
    at D:\projehCenter\coffi\node_modules\sequelize\lib\sequelize.js:315:28
    at process.processTicksAndRejections (node:internal/process/task_queues:95:5)
    at async OrderProduct.sync (D:\projehCenter\coffi\node_modules\sequelize\lib\model.js:984:11)
    at async Sequelize.sync (D:\projehCenter\coffi\node_modules\sequelize\lib\sequelize.js:377:9)
2025-05-11 23:24:52 [[31merror[39m]: Error
    at Query.run (D:\projehCenter\coffi\node_modules\sequelize\lib\dialects\mysql\query.js:52:25)
    at D:\projehCenter\coffi\node_modules\sequelize\lib\sequelize.js:315:28
    at process.processTicksAndRejections (node:internal/process/task_queues:95:5)
    at async OrderProduct.sync (D:\projehCenter\coffi\node_modules\sequelize\lib\model.js:984:11)
    at async Sequelize.sync (D:\projehCenter\coffi\node_modules\sequelize\lib\sequelize.js:377:9)
2025-05-11 23:25:13 [[31merror[39m]: Error
    at Query.run (D:\projehCenter\coffi\node_modules\sequelize\lib\dialects\mysql\query.js:52:25)
    at D:\projehCenter\coffi\node_modules\sequelize\lib\sequelize.js:315:28
    at process.processTicksAndRejections (node:internal/process/task_queues:95:5)
    at async OrderProduct.sync (D:\projehCenter\coffi\node_modules\sequelize\lib\model.js:984:11)
    at async Sequelize.sync (D:\projehCenter\coffi\node_modules\sequelize\lib\sequelize.js:377:9)
2025-05-11 23:25:49 [[31merror[39m]: Error
    at Query.run (D:\projehCenter\coffi\node_modules\sequelize\lib\dialects\mysql\query.js:52:25)
    at D:\projehCenter\coffi\node_modules\sequelize\lib\sequelize.js:315:28
    at process.processTicksAndRejections (node:internal/process/task_queues:95:5)
    at async OrderProduct.sync (D:\projehCenter\coffi\node_modules\sequelize\lib\model.js:984:11)
    at async Sequelize.sync (D:\projehCenter\coffi\node_modules\sequelize\lib\sequelize.js:377:9)
2025-05-11 23:26:03 [[31merror[39m]: Error
    at Query.run (D:\projehCenter\coffi\node_modules\sequelize\lib\dialects\mysql\query.js:52:25)
    at D:\projehCenter\coffi\node_modules\sequelize\lib\sequelize.js:315:28
    at process.processTicksAndRejections (node:internal/process/task_queues:95:5)
    at async OrderProduct.sync (D:\projehCenter\coffi\node_modules\sequelize\lib\model.js:984:11)
    at async Sequelize.sync (D:\projehCenter\coffi\node_modules\sequelize\lib\sequelize.js:377:9)
2025-05-11 23:26:11 [[31merror[39m]: Error
    at Query.run (D:\projehCenter\coffi\node_modules\sequelize\lib\dialects\mysql\query.js:52:25)
    at D:\projehCenter\coffi\node_modules\sequelize\lib\sequelize.js:315:28
    at process.processTicksAndRejections (node:internal/process/task_queues:95:5)
    at async OrderProduct.sync (D:\projehCenter\coffi\node_modules\sequelize\lib\model.js:984:11)
    at async Sequelize.sync (D:\projehCenter\coffi\node_modules\sequelize\lib\sequelize.js:377:9)
2025-05-11 23:26:25 [[31merror[39m]: Error
    at Query.run (D:\projehCenter\coffi\node_modules\sequelize\lib\dialects\mysql\query.js:52:25)
    at D:\projehCenter\coffi\node_modules\sequelize\lib\sequelize.js:315:28
    at process.processTicksAndRejections (node:internal/process/task_queues:95:5)
    at async OrderProduct.sync (D:\projehCenter\coffi\node_modules\sequelize\lib\model.js:984:11)
    at async Sequelize.sync (D:\projehCenter\coffi\node_modules\sequelize\lib\sequelize.js:377:9)
2025-05-11 23:26:57 [[31merror[39m]: Error
    at Query.run (D:\projehCenter\coffi\node_modules\sequelize\lib\dialects\mysql\query.js:52:25)
    at D:\projehCenter\coffi\node_modules\sequelize\lib\sequelize.js:315:28
    at process.processTicksAndRejections (node:internal/process/task_queues:95:5)
    at async OrderProduct.sync (D:\projehCenter\coffi\node_modules\sequelize\lib\model.js:984:11)
    at async Sequelize.sync (D:\projehCenter\coffi\node_modules\sequelize\lib\sequelize.js:377:9)
2025-05-11 23:27:25 [[31merror[39m]: Error
    at Query.run (D:\projehCenter\coffi\node_modules\sequelize\lib\dialects\mysql\query.js:52:25)
    at D:\projehCenter\coffi\node_modules\sequelize\lib\sequelize.js:315:28
    at process.processTicksAndRejections (node:internal/process/task_queues:95:5)
    at async OrderProduct.sync (D:\projehCenter\coffi\node_modules\sequelize\lib\model.js:984:11)
    at async Sequelize.sync (D:\projehCenter\coffi\node_modules\sequelize\lib\sequelize.js:377:9)
2025-05-11 23:28:18 [[31merror[39m]: Error
    at Query.run (D:\projehCenter\coffi\node_modules\sequelize\lib\dialects\mysql\query.js:52:25)
    at D:\projehCenter\coffi\node_modules\sequelize\lib\sequelize.js:315:28
    at process.processTicksAndRejections (node:internal/process/task_queues:95:5)
    at async OrderProduct.sync (D:\projehCenter\coffi\node_modules\sequelize\lib\model.js:984:11)
    at async Sequelize.sync (D:\projehCenter\coffi\node_modules\sequelize\lib\sequelize.js:377:9)
2025-05-11 23:28:25 [[31merror[39m]: Error
    at Query.run (D:\projehCenter\coffi\node_modules\sequelize\lib\dialects\mysql\query.js:52:25)
    at D:\projehCenter\coffi\node_modules\sequelize\lib\sequelize.js:315:28
    at process.processTicksAndRejections (node:internal/process/task_queues:95:5)
    at async OrderProduct.sync (D:\projehCenter\coffi\node_modules\sequelize\lib\model.js:984:11)
    at async Sequelize.sync (D:\projehCenter\coffi\node_modules\sequelize\lib\sequelize.js:377:9)
2025-05-11 23:31:12 [[31merror[39m]: Error
    at Query.run (D:\projehCenter\coffi\node_modules\sequelize\lib\dialects\mysql\query.js:52:25)
    at D:\projehCenter\coffi\node_modules\sequelize\lib\sequelize.js:315:28
    at process.processTicksAndRejections (node:internal/process/task_queues:95:5)
    at async OrderProduct.sync (D:\projehCenter\coffi\node_modules\sequelize\lib\model.js:984:11)
    at async Sequelize.sync (D:\projehCenter\coffi\node_modules\sequelize\lib\sequelize.js:377:9)
2025-05-11 23:33:12 [[31merror[39m]: Error
    at Query.run (D:\projehCenter\coffi\node_modules\sequelize\lib\dialects\mysql\query.js:52:25)
    at D:\projehCenter\coffi\node_modules\sequelize\lib\sequelize.js:315:28
    at process.processTicksAndRejections (node:internal/process/task_queues:95:5)
    at async MySQLQueryInterface.addColumn (D:\projehCenter\coffi\node_modules\sequelize\lib\dialects\abstract\query-interface.js:184:12)
    at async OrderProduct.sync (D:\projehCenter\coffi\node_modules\sequelize\lib\model.js:958:11)
    at async Sequelize.sync (D:\projehCenter\coffi\node_modules\sequelize\lib\sequelize.js:377:9)
2025-05-11 23:36:24 [[31merror[39m]: Error
    at Query.run (D:\projehCenter\coffi\node_modules\sequelize\lib\dialects\mysql\query.js:52:25)
    at D:\projehCenter\coffi\node_modules\sequelize\lib\sequelize.js:315:28
    at process.processTicksAndRejections (node:internal/process/task_queues:95:5)
    at async MySQLQueryInterface.addColumn (D:\projehCenter\coffi\node_modules\sequelize\lib\dialects\abstract\query-interface.js:184:12)
    at async OrderProduct.sync (D:\projehCenter\coffi\node_modules\sequelize\lib\model.js:958:11)
    at async Sequelize.sync (D:\projehCenter\coffi\node_modules\sequelize\lib\sequelize.js:377:9)
2025-05-11 23:36:31 [[31merror[39m]: Error
    at Query.run (D:\projehCenter\coffi\node_modules\sequelize\lib\dialects\mysql\query.js:52:25)
    at D:\projehCenter\coffi\node_modules\sequelize\lib\sequelize.js:315:28
    at process.processTicksAndRejections (node:internal/process/task_queues:95:5)
    at async MySQLQueryInterface.addColumn (D:\projehCenter\coffi\node_modules\sequelize\lib\dialects\abstract\query-interface.js:184:12)
    at async OrderProduct.sync (D:\projehCenter\coffi\node_modules\sequelize\lib\model.js:958:11)
    at async Sequelize.sync (D:\projehCenter\coffi\node_modules\sequelize\lib\sequelize.js:377:9)
2025-05-11 23:36:34 [[31merror[39m]: Error
    at Query.run (D:\projehCenter\coffi\node_modules\sequelize\lib\dialects\mysql\query.js:52:25)
    at D:\projehCenter\coffi\node_modules\sequelize\lib\sequelize.js:315:28
    at process.processTicksAndRejections (node:internal/process/task_queues:95:5)
    at async MySQLQueryInterface.addColumn (D:\projehCenter\coffi\node_modules\sequelize\lib\dialects\abstract\query-interface.js:184:12)
    at async OrderProduct.sync (D:\projehCenter\coffi\node_modules\sequelize\lib\model.js:958:11)
    at async Sequelize.sync (D:\projehCenter\coffi\node_modules\sequelize\lib\sequelize.js:377:9)
2025-05-11 23:36:38 [[31merror[39m]: Error
    at Query.run (D:\projehCenter\coffi\node_modules\sequelize\lib\dialects\mysql\query.js:52:25)
    at D:\projehCenter\coffi\node_modules\sequelize\lib\sequelize.js:315:28
    at process.processTicksAndRejections (node:internal/process/task_queues:95:5)
    at async MySQLQueryInterface.addColumn (D:\projehCenter\coffi\node_modules\sequelize\lib\dialects\abstract\query-interface.js:184:12)
    at async OrderProduct.sync (D:\projehCenter\coffi\node_modules\sequelize\lib\model.js:958:11)
    at async Sequelize.sync (D:\projehCenter\coffi\node_modules\sequelize\lib\sequelize.js:377:9)
2025-05-11 23:36:49 [[31merror[39m]: Error
    at Query.run (D:\projehCenter\coffi\node_modules\sequelize\lib\dialects\mysql\query.js:52:25)
    at D:\projehCenter\coffi\node_modules\sequelize\lib\sequelize.js:315:28
    at process.processTicksAndRejections (node:internal/process/task_queues:95:5)
    at async MySQLQueryInterface.addColumn (D:\projehCenter\coffi\node_modules\sequelize\lib\dialects\abstract\query-interface.js:184:12)
    at async OrderProduct.sync (D:\projehCenter\coffi\node_modules\sequelize\lib\model.js:958:11)
    at async Sequelize.sync (D:\projehCenter\coffi\node_modules\sequelize\lib\sequelize.js:377:9)
2025-05-11 23:36:55 [[31merror[39m]: Error
    at Query.run (D:\projehCenter\coffi\node_modules\sequelize\lib\dialects\mysql\query.js:52:25)
    at D:\projehCenter\coffi\node_modules\sequelize\lib\sequelize.js:315:28
    at process.processTicksAndRejections (node:internal/process/task_queues:95:5)
    at async MySQLQueryInterface.addColumn (D:\projehCenter\coffi\node_modules\sequelize\lib\dialects\abstract\query-interface.js:184:12)
    at async OrderProduct.sync (D:\projehCenter\coffi\node_modules\sequelize\lib\model.js:958:11)
    at async Sequelize.sync (D:\projehCenter\coffi\node_modules\sequelize\lib\sequelize.js:377:9)
2025-05-11 23:37:06 [[31merror[39m]: Error
    at Query.run (D:\projehCenter\coffi\node_modules\sequelize\lib\dialects\mysql\query.js:52:25)
    at D:\projehCenter\coffi\node_modules\sequelize\lib\sequelize.js:315:28
    at process.processTicksAndRejections (node:internal/process/task_queues:95:5)
    at async MySQLQueryInterface.addColumn (D:\projehCenter\coffi\node_modules\sequelize\lib\dialects\abstract\query-interface.js:184:12)
    at async OrderProduct.sync (D:\projehCenter\coffi\node_modules\sequelize\lib\model.js:958:11)
    at async Sequelize.sync (D:\projehCenter\coffi\node_modules\sequelize\lib\sequelize.js:377:9)
2025-05-11 23:37:33 [[31merror[39m]: Error
    at Query.run (D:\projehCenter\coffi\node_modules\sequelize\lib\dialects\mysql\query.js:52:25)
    at D:\projehCenter\coffi\node_modules\sequelize\lib\sequelize.js:315:28
    at process.processTicksAndRejections (node:internal/process/task_queues:95:5)
    at async MySQLQueryInterface.addColumn (D:\projehCenter\coffi\node_modules\sequelize\lib\dialects\abstract\query-interface.js:184:12)
    at async OrderProduct.sync (D:\projehCenter\coffi\node_modules\sequelize\lib\model.js:958:11)
    at async Sequelize.sync (D:\projehCenter\coffi\node_modules\sequelize\lib\sequelize.js:377:9)
2025-05-11 23:37:37 [[31merror[39m]: Error
    at Query.run (D:\projehCenter\coffi\node_modules\sequelize\lib\dialects\mysql\query.js:52:25)
    at D:\projehCenter\coffi\node_modules\sequelize\lib\sequelize.js:315:28
    at process.processTicksAndRejections (node:internal/process/task_queues:95:5)
    at async MySQLQueryInterface.addColumn (D:\projehCenter\coffi\node_modules\sequelize\lib\dialects\abstract\query-interface.js:184:12)
    at async OrderProduct.sync (D:\projehCenter\coffi\node_modules\sequelize\lib\model.js:958:11)
    at async Sequelize.sync (D:\projehCenter\coffi\node_modules\sequelize\lib\sequelize.js:377:9)
2025-05-11 23:37:45 [[31merror[39m]: Error
    at Query.run (D:\projehCenter\coffi\node_modules\sequelize\lib\dialects\mysql\query.js:52:25)
    at D:\projehCenter\coffi\node_modules\sequelize\lib\sequelize.js:315:28
    at process.processTicksAndRejections (node:internal/process/task_queues:95:5)
    at async MySQLQueryInterface.addColumn (D:\projehCenter\coffi\node_modules\sequelize\lib\dialects\abstract\query-interface.js:184:12)
    at async OrderProduct.sync (D:\projehCenter\coffi\node_modules\sequelize\lib\model.js:958:11)
    at async Sequelize.sync (D:\projehCenter\coffi\node_modules\sequelize\lib\sequelize.js:377:9)
2025-05-11 23:37:54 [[31merror[39m]: Error
    at Query.run (D:\projehCenter\coffi\node_modules\sequelize\lib\dialects\mysql\query.js:52:25)
    at D:\projehCenter\coffi\node_modules\sequelize\lib\sequelize.js:315:28
    at process.processTicksAndRejections (node:internal/process/task_queues:95:5)
    at async MySQLQueryInterface.addColumn (D:\projehCenter\coffi\node_modules\sequelize\lib\dialects\abstract\query-interface.js:184:12)
    at async OrderProduct.sync (D:\projehCenter\coffi\node_modules\sequelize\lib\model.js:958:11)
    at async Sequelize.sync (D:\projehCenter\coffi\node_modules\sequelize\lib\sequelize.js:377:9)
2025-05-11 23:38:02 [[31merror[39m]: Error
    at Query.run (D:\projehCenter\coffi\node_modules\sequelize\lib\dialects\mysql\query.js:52:25)
    at D:\projehCenter\coffi\node_modules\sequelize\lib\sequelize.js:315:28
    at process.processTicksAndRejections (node:internal/process/task_queues:95:5)
    at async MySQLQueryInterface.addColumn (D:\projehCenter\coffi\node_modules\sequelize\lib\dialects\abstract\query-interface.js:184:12)
    at async OrderProduct.sync (D:\projehCenter\coffi\node_modules\sequelize\lib\model.js:958:11)
    at async Sequelize.sync (D:\projehCenter\coffi\node_modules\sequelize\lib\sequelize.js:377:9)
2025-05-11 23:38:23 [[31merror[39m]: Error
    at Query.run (D:\projehCenter\coffi\node_modules\sequelize\lib\dialects\mysql\query.js:52:25)
    at D:\projehCenter\coffi\node_modules\sequelize\lib\sequelize.js:315:28
    at process.processTicksAndRejections (node:internal/process/task_queues:95:5)
    at async MySQLQueryInterface.addColumn (D:\projehCenter\coffi\node_modules\sequelize\lib\dialects\abstract\query-interface.js:184:12)
    at async OrderProduct.sync (D:\projehCenter\coffi\node_modules\sequelize\lib\model.js:958:11)
    at async Sequelize.sync (D:\projehCenter\coffi\node_modules\sequelize\lib\sequelize.js:377:9)
2025-05-11 23:42:44 [[31merror[39m]: Error
    at Query.run (D:\projehCenter\coffi\node_modules\sequelize\lib\dialects\mysql\query.js:52:25)
    at D:\projehCenter\coffi\node_modules\sequelize\lib\sequelize.js:315:28
    at process.processTicksAndRejections (node:internal/process/task_queues:95:5)
    at async MySQLQueryInterface.addColumn (D:\projehCenter\coffi\node_modules\sequelize\lib\dialects\abstract\query-interface.js:184:12)
    at async OrderProduct.sync (D:\projehCenter\coffi\node_modules\sequelize\lib\model.js:958:11)
    at async Sequelize.sync (D:\projehCenter\coffi\node_modules\sequelize\lib\sequelize.js:377:9)
2025-05-11 23:44:09 [[31merror[39m]: Error
    at Query.run (D:\projehCenter\coffi\node_modules\sequelize\lib\dialects\mysql\query.js:52:25)
    at D:\projehCenter\coffi\node_modules\sequelize\lib\sequelize.js:315:28
    at process.processTicksAndRejections (node:internal/process/task_queues:95:5)
    at async MySQLQueryInterface.addColumn (D:\projehCenter\coffi\node_modules\sequelize\lib\dialects\abstract\query-interface.js:184:12)
    at async OrderProduct.sync (D:\projehCenter\coffi\node_modules\sequelize\lib\model.js:958:11)
    at async Sequelize.sync (D:\projehCenter\coffi\node_modules\sequelize\lib\sequelize.js:377:9)
2025-05-11 23:44:15 [[31merror[39m]: Error
    at Query.run (D:\projehCenter\coffi\node_modules\sequelize\lib\dialects\mysql\query.js:52:25)
    at D:\projehCenter\coffi\node_modules\sequelize\lib\sequelize.js:315:28
    at process.processTicksAndRejections (node:internal/process/task_queues:95:5)
    at async MySQLQueryInterface.addColumn (D:\projehCenter\coffi\node_modules\sequelize\lib\dialects\abstract\query-interface.js:184:12)
    at async OrderProduct.sync (D:\projehCenter\coffi\node_modules\sequelize\lib\model.js:958:11)
    at async Sequelize.sync (D:\projehCenter\coffi\node_modules\sequelize\lib\sequelize.js:377:9)
2025-05-11 23:44:24 [[31merror[39m]: Error
    at Query.run (D:\projehCenter\coffi\node_modules\sequelize\lib\dialects\mysql\query.js:52:25)
    at D:\projehCenter\coffi\node_modules\sequelize\lib\sequelize.js:315:28
    at process.processTicksAndRejections (node:internal/process/task_queues:95:5)
    at async MySQLQueryInterface.addColumn (D:\projehCenter\coffi\node_modules\sequelize\lib\dialects\abstract\query-interface.js:184:12)
    at async OrderProduct.sync (D:\projehCenter\coffi\node_modules\sequelize\lib\model.js:958:11)
    at async Sequelize.sync (D:\projehCenter\coffi\node_modules\sequelize\lib\sequelize.js:377:9)
2025-05-11 23:44:31 [[31merror[39m]: Error
    at Query.run (D:\projehCenter\coffi\node_modules\sequelize\lib\dialects\mysql\query.js:52:25)
    at D:\projehCenter\coffi\node_modules\sequelize\lib\sequelize.js:315:28
    at process.processTicksAndRejections (node:internal/process/task_queues:95:5)
    at async MySQLQueryInterface.addColumn (D:\projehCenter\coffi\node_modules\sequelize\lib\dialects\abstract\query-interface.js:184:12)
    at async OrderProduct.sync (D:\projehCenter\coffi\node_modules\sequelize\lib\model.js:958:11)
    at async Sequelize.sync (D:\projehCenter\coffi\node_modules\sequelize\lib\sequelize.js:377:9)
2025-05-11 23:46:26 [[31merror[39m]: Error
    at Query.run (D:\projehCenter\coffi\node_modules\sequelize\lib\dialects\mysql\query.js:52:25)
    at D:\projehCenter\coffi\node_modules\sequelize\lib\sequelize.js:315:28
    at process.processTicksAndRejections (node:internal/process/task_queues:95:5)
    at async MySQLQueryInterface.addColumn (D:\projehCenter\coffi\node_modules\sequelize\lib\dialects\abstract\query-interface.js:184:12)
    at async OrderProduct.sync (D:\projehCenter\coffi\node_modules\sequelize\lib\model.js:958:11)
    at async Sequelize.sync (D:\projehCenter\coffi\node_modules\sequelize\lib\sequelize.js:377:9)
2025-05-11 23:46:35 [[31merror[39m]: Error
    at Query.run (D:\projehCenter\coffi\node_modules\sequelize\lib\dialects\mysql\query.js:52:25)
    at D:\projehCenter\coffi\node_modules\sequelize\lib\sequelize.js:315:28
    at process.processTicksAndRejections (node:internal/process/task_queues:95:5)
    at async MySQLQueryInterface.addColumn (D:\projehCenter\coffi\node_modules\sequelize\lib\dialects\abstract\query-interface.js:184:12)
    at async OrderProduct.sync (D:\projehCenter\coffi\node_modules\sequelize\lib\model.js:958:11)
    at async Sequelize.sync (D:\projehCenter\coffi\node_modules\sequelize\lib\sequelize.js:377:9)
2025-05-11 23:46:42 [[31merror[39m]: Error
    at Query.run (D:\projehCenter\coffi\node_modules\sequelize\lib\dialects\mysql\query.js:52:25)
    at D:\projehCenter\coffi\node_modules\sequelize\lib\sequelize.js:315:28
    at process.processTicksAndRejections (node:internal/process/task_queues:95:5)
    at async MySQLQueryInterface.addColumn (D:\projehCenter\coffi\node_modules\sequelize\lib\dialects\abstract\query-interface.js:184:12)
    at async OrderProduct.sync (D:\projehCenter\coffi\node_modules\sequelize\lib\model.js:958:11)
    at async Sequelize.sync (D:\projehCenter\coffi\node_modules\sequelize\lib\sequelize.js:377:9)
2025-05-11 23:46:57 [[31merror[39m]: Error
    at Query.run (D:\projehCenter\coffi\node_modules\sequelize\lib\dialects\mysql\query.js:52:25)
    at D:\projehCenter\coffi\node_modules\sequelize\lib\sequelize.js:315:28
    at process.processTicksAndRejections (node:internal/process/task_queues:95:5)
    at async MySQLQueryInterface.addColumn (D:\projehCenter\coffi\node_modules\sequelize\lib\dialects\abstract\query-interface.js:184:12)
    at async OrderProduct.sync (D:\projehCenter\coffi\node_modules\sequelize\lib\model.js:958:11)
    at async Sequelize.sync (D:\projehCenter\coffi\node_modules\sequelize\lib\sequelize.js:377:9)
2025-05-11 23:47:02 [[31merror[39m]: Error
    at Query.run (D:\projehCenter\coffi\node_modules\sequelize\lib\dialects\mysql\query.js:52:25)
    at D:\projehCenter\coffi\node_modules\sequelize\lib\sequelize.js:315:28
    at process.processTicksAndRejections (node:internal/process/task_queues:95:5)
    at async MySQLQueryInterface.addColumn (D:\projehCenter\coffi\node_modules\sequelize\lib\dialects\abstract\query-interface.js:184:12)
    at async OrderProduct.sync (D:\projehCenter\coffi\node_modules\sequelize\lib\model.js:958:11)
    at async Sequelize.sync (D:\projehCenter\coffi\node_modules\sequelize\lib\sequelize.js:377:9)
2025-05-11 23:47:09 [[31merror[39m]: Error
    at Query.run (D:\projehCenter\coffi\node_modules\sequelize\lib\dialects\mysql\query.js:52:25)
    at D:\projehCenter\coffi\node_modules\sequelize\lib\sequelize.js:315:28
    at process.processTicksAndRejections (node:internal/process/task_queues:95:5)
    at async MySQLQueryInterface.addColumn (D:\projehCenter\coffi\node_modules\sequelize\lib\dialects\abstract\query-interface.js:184:12)
    at async OrderProduct.sync (D:\projehCenter\coffi\node_modules\sequelize\lib\model.js:958:11)
    at async Sequelize.sync (D:\projehCenter\coffi\node_modules\sequelize\lib\sequelize.js:377:9)
2025-05-11 23:47:23 [[31merror[39m]: Error
    at Query.run (D:\projehCenter\coffi\node_modules\sequelize\lib\dialects\mysql\query.js:52:25)
    at D:\projehCenter\coffi\node_modules\sequelize\lib\sequelize.js:315:28
    at process.processTicksAndRejections (node:internal/process/task_queues:95:5)
    at async MySQLQueryInterface.addColumn (D:\projehCenter\coffi\node_modules\sequelize\lib\dialects\abstract\query-interface.js:184:12)
    at async OrderProduct.sync (D:\projehCenter\coffi\node_modules\sequelize\lib\model.js:958:11)
    at async Sequelize.sync (D:\projehCenter\coffi\node_modules\sequelize\lib\sequelize.js:377:9)
2025-05-11 23:47:46 [[31merror[39m]: Error
    at Query.run (D:\projehCenter\coffi\node_modules\sequelize\lib\dialects\mysql\query.js:52:25)
    at D:\projehCenter\coffi\node_modules\sequelize\lib\sequelize.js:315:28
    at process.processTicksAndRejections (node:internal/process/task_queues:95:5)
    at async MySQLQueryInterface.addColumn (D:\projehCenter\coffi\node_modules\sequelize\lib\dialects\abstract\query-interface.js:184:12)
    at async OrderProduct.sync (D:\projehCenter\coffi\node_modules\sequelize\lib\model.js:958:11)
    at async Sequelize.sync (D:\projehCenter\coffi\node_modules\sequelize\lib\sequelize.js:377:9)
2025-05-11 23:48:10 [[31merror[39m]: Error
    at Query.run (D:\projehCenter\coffi\node_modules\sequelize\lib\dialects\mysql\query.js:52:25)
    at D:\projehCenter\coffi\node_modules\sequelize\lib\sequelize.js:315:28
    at process.processTicksAndRejections (node:internal/process/task_queues:95:5)
    at async MySQLQueryInterface.addColumn (D:\projehCenter\coffi\node_modules\sequelize\lib\dialects\abstract\query-interface.js:184:12)
    at async OrderProduct.sync (D:\projehCenter\coffi\node_modules\sequelize\lib\model.js:958:11)
    at async Sequelize.sync (D:\projehCenter\coffi\node_modules\sequelize\lib\sequelize.js:377:9)
2025-05-11 23:52:40 [[31merror[39m]: Error
    at Query.run (D:\projehCenter\coffi\node_modules\sequelize\lib\dialects\mysql\query.js:52:25)
    at D:\projehCenter\coffi\node_modules\sequelize\lib\sequelize.js:315:28
    at process.processTicksAndRejections (node:internal/process/task_queues:95:5)
    at async MySQLQueryInterface.addColumn (D:\projehCenter\coffi\node_modules\sequelize\lib\dialects\abstract\query-interface.js:184:12)
    at async OrderProduct.sync (D:\projehCenter\coffi\node_modules\sequelize\lib\model.js:958:11)
    at async Sequelize.sync (D:\projehCenter\coffi\node_modules\sequelize\lib\sequelize.js:377:9)
2025-05-11 23:53:16 [[31merror[39m]: Error
    at Query.run (D:\projehCenter\coffi\node_modules\sequelize\lib\dialects\mysql\query.js:52:25)
    at D:\projehCenter\coffi\node_modules\sequelize\lib\sequelize.js:315:28
    at process.processTicksAndRejections (node:internal/process/task_queues:95:5)
    at async MySQLQueryInterface.addColumn (D:\projehCenter\coffi\node_modules\sequelize\lib\dialects\abstract\query-interface.js:184:12)
    at async OrderProduct.sync (D:\projehCenter\coffi\node_modules\sequelize\lib\model.js:958:11)
    at async Sequelize.sync (D:\projehCenter\coffi\node_modules\sequelize\lib\sequelize.js:377:9)
2025-05-11 23:54:35 [[31merror[39m]: Error
    at Query.run (D:\projehCenter\coffi\node_modules\sequelize\lib\dialects\mysql\query.js:52:25)
    at D:\projehCenter\coffi\node_modules\sequelize\lib\sequelize.js:315:28
    at process.processTicksAndRejections (node:internal/process/task_queues:95:5)
    at async MySQLQueryInterface.addColumn (D:\projehCenter\coffi\node_modules\sequelize\lib\dialects\abstract\query-interface.js:184:12)
    at async OrderProduct.sync (D:\projehCenter\coffi\node_modules\sequelize\lib\model.js:958:11)
    at async Sequelize.sync (D:\projehCenter\coffi\node_modules\sequelize\lib\sequelize.js:377:9)
2025-05-11 23:57:06 [[31merror[39m]: Error
    at Query.run (D:\projehCenter\coffi\node_modules\sequelize\lib\dialects\mysql\query.js:52:25)
    at D:\projehCenter\coffi\node_modules\sequelize\lib\sequelize.js:315:28
    at process.processTicksAndRejections (node:internal/process/task_queues:95:5)
    at async MySQLQueryInterface.addColumn (D:\projehCenter\coffi\node_modules\sequelize\lib\dialects\abstract\query-interface.js:184:12)
    at async OrderProduct.sync (D:\projehCenter\coffi\node_modules\sequelize\lib\model.js:958:11)
    at async Sequelize.sync (D:\projehCenter\coffi\node_modules\sequelize\lib\sequelize.js:377:9)
2025-05-11 23:57:36 [[31merror[39m]: Error
    at Query.run (D:\projehCenter\coffi\node_modules\sequelize\lib\dialects\mysql\query.js:52:25)
    at D:\projehCenter\coffi\node_modules\sequelize\lib\sequelize.js:315:28
    at process.processTicksAndRejections (node:internal/process/task_queues:95:5)
    at async MySQLQueryInterface.addColumn (D:\projehCenter\coffi\node_modules\sequelize\lib\dialects\abstract\query-interface.js:184:12)
    at async OrderProduct.sync (D:\projehCenter\coffi\node_modules\sequelize\lib\model.js:958:11)
    at async Sequelize.sync (D:\projehCenter\coffi\node_modules\sequelize\lib\sequelize.js:377:9)
2025-05-11 23:57:41 [[31merror[39m]: Error
    at Query.run (D:\projehCenter\coffi\node_modules\sequelize\lib\dialects\mysql\query.js:52:25)
    at D:\projehCenter\coffi\node_modules\sequelize\lib\sequelize.js:315:28
    at process.processTicksAndRejections (node:internal/process/task_queues:95:5)
    at async MySQLQueryInterface.addColumn (D:\projehCenter\coffi\node_modules\sequelize\lib\dialects\abstract\query-interface.js:184:12)
    at async OrderProduct.sync (D:\projehCenter\coffi\node_modules\sequelize\lib\model.js:958:11)
    at async Sequelize.sync (D:\projehCenter\coffi\node_modules\sequelize\lib\sequelize.js:377:9)
2025-05-11 23:58:30 [[31merror[39m]: Error
    at Query.run (D:\projehCenter\coffi\node_modules\sequelize\lib\dialects\mysql\query.js:52:25)
    at D:\projehCenter\coffi\node_modules\sequelize\lib\sequelize.js:315:28
    at process.processTicksAndRejections (node:internal/process/task_queues:95:5)
    at async MySQLQueryInterface.addColumn (D:\projehCenter\coffi\node_modules\sequelize\lib\dialects\abstract\query-interface.js:184:12)
    at async OrderProduct.sync (D:\projehCenter\coffi\node_modules\sequelize\lib\model.js:958:11)
    at async Sequelize.sync (D:\projehCenter\coffi\node_modules\sequelize\lib\sequelize.js:377:9)
2025-05-11 23:59:35 [[31merror[39m]: Error
    at Query.run (D:\projehCenter\coffi\node_modules\sequelize\lib\dialects\mysql\query.js:52:25)
    at D:\projehCenter\coffi\node_modules\sequelize\lib\sequelize.js:315:28
    at process.processTicksAndRejections (node:internal/process/task_queues:95:5)
    at async MySQLQueryInterface.addColumn (D:\projehCenter\coffi\node_modules\sequelize\lib\dialects\abstract\query-interface.js:184:12)
    at async OrderProduct.sync (D:\projehCenter\coffi\node_modules\sequelize\lib\model.js:958:11)
    at async Sequelize.sync (D:\projehCenter\coffi\node_modules\sequelize\lib\sequelize.js:377:9)
2025-05-11 23:59:50 [[31merror[39m]: Error
    at Query.run (D:\projehCenter\coffi\node_modules\sequelize\lib\dialects\mysql\query.js:52:25)
    at D:\projehCenter\coffi\node_modules\sequelize\lib\sequelize.js:315:28
    at process.processTicksAndRejections (node:internal/process/task_queues:95:5)
    at async MySQLQueryInterface.addColumn (D:\projehCenter\coffi\node_modules\sequelize\lib\dialects\abstract\query-interface.js:184:12)
    at async OrderProduct.sync (D:\projehCenter\coffi\node_modules\sequelize\lib\model.js:958:11)
    at async Sequelize.sync (D:\projehCenter\coffi\node_modules\sequelize\lib\sequelize.js:377:9)
2025-05-11 23:59:55 [[31merror[39m]: Error
    at Query.run (D:\projehCenter\coffi\node_modules\sequelize\lib\dialects\mysql\query.js:52:25)
    at D:\projehCenter\coffi\node_modules\sequelize\lib\sequelize.js:315:28
    at process.processTicksAndRejections (node:internal/process/task_queues:95:5)
    at async MySQLQueryInterface.addColumn (D:\projehCenter\coffi\node_modules\sequelize\lib\dialects\abstract\query-interface.js:184:12)
    at async OrderProduct.sync (D:\projehCenter\coffi\node_modules\sequelize\lib\model.js:958:11)
    at async Sequelize.sync (D:\projehCenter\coffi\node_modules\sequelize\lib\sequelize.js:377:9)
2025-05-12 00:02:24 [[31merror[39m]: Error
    at Query.run (D:\projehCenter\coffi\node_modules\sequelize\lib\dialects\mysql\query.js:52:25)
    at D:\projehCenter\coffi\node_modules\sequelize\lib\sequelize.js:315:28
    at process.processTicksAndRejections (node:internal/process/task_queues:95:5)
    at async MySQLQueryInterface.addColumn (D:\projehCenter\coffi\node_modules\sequelize\lib\dialects\abstract\query-interface.js:184:12)
    at async OrderProduct.sync (D:\projehCenter\coffi\node_modules\sequelize\lib\model.js:958:11)
    at async Sequelize.sync (D:\projehCenter\coffi\node_modules\sequelize\lib\sequelize.js:377:9)
2025-05-12 00:02:37 [[31merror[39m]: Error
    at Query.run (D:\projehCenter\coffi\node_modules\sequelize\lib\dialects\mysql\query.js:52:25)
    at D:\projehCenter\coffi\node_modules\sequelize\lib\sequelize.js:315:28
    at process.processTicksAndRejections (node:internal/process/task_queues:95:5)
    at async MySQLQueryInterface.addColumn (D:\projehCenter\coffi\node_modules\sequelize\lib\dialects\abstract\query-interface.js:184:12)
    at async OrderProduct.sync (D:\projehCenter\coffi\node_modules\sequelize\lib\model.js:958:11)
    at async Sequelize.sync (D:\projehCenter\coffi\node_modules\sequelize\lib\sequelize.js:377:9)
2025-05-12 00:02:50 [[31merror[39m]: Error
    at Query.run (D:\projehCenter\coffi\node_modules\sequelize\lib\dialects\mysql\query.js:52:25)
    at D:\projehCenter\coffi\node_modules\sequelize\lib\sequelize.js:315:28
    at process.processTicksAndRejections (node:internal/process/task_queues:95:5)
    at async MySQLQueryInterface.addColumn (D:\projehCenter\coffi\node_modules\sequelize\lib\dialects\abstract\query-interface.js:184:12)
    at async OrderProduct.sync (D:\projehCenter\coffi\node_modules\sequelize\lib\model.js:958:11)
    at async Sequelize.sync (D:\projehCenter\coffi\node_modules\sequelize\lib\sequelize.js:377:9)
2025-05-12 00:03:01 [[31merror[39m]: Error
    at Query.run (D:\projehCenter\coffi\node_modules\sequelize\lib\dialects\mysql\query.js:52:25)
    at D:\projehCenter\coffi\node_modules\sequelize\lib\sequelize.js:315:28
    at process.processTicksAndRejections (node:internal/process/task_queues:95:5)
    at async MySQLQueryInterface.addColumn (D:\projehCenter\coffi\node_modules\sequelize\lib\dialects\abstract\query-interface.js:184:12)
    at async OrderProduct.sync (D:\projehCenter\coffi\node_modules\sequelize\lib\model.js:958:11)
    at async Sequelize.sync (D:\projehCenter\coffi\node_modules\sequelize\lib\sequelize.js:377:9)
2025-05-12 00:08:06 [[31merror[39m]: Error
    at Query.run (D:\projehCenter\coffi\node_modules\sequelize\lib\dialects\mysql\query.js:52:25)
    at D:\projehCenter\coffi\node_modules\sequelize\lib\sequelize.js:315:28
    at process.processTicksAndRejections (node:internal/process/task_queues:95:5)
    at async MySQLQueryInterface.addColumn (D:\projehCenter\coffi\node_modules\sequelize\lib\dialects\abstract\query-interface.js:184:12)
    at async OrderProduct.sync (D:\projehCenter\coffi\node_modules\sequelize\lib\model.js:958:11)
    at async Sequelize.sync (D:\projehCenter\coffi\node_modules\sequelize\lib\sequelize.js:377:9)
2025-05-12 00:08:20 [[31merror[39m]: Error
    at Query.run (D:\projehCenter\coffi\node_modules\sequelize\lib\dialects\mysql\query.js:52:25)
    at D:\projehCenter\coffi\node_modules\sequelize\lib\sequelize.js:315:28
    at process.processTicksAndRejections (node:internal/process/task_queues:95:5)
    at async MySQLQueryInterface.addColumn (D:\projehCenter\coffi\node_modules\sequelize\lib\dialects\abstract\query-interface.js:184:12)
    at async OrderProduct.sync (D:\projehCenter\coffi\node_modules\sequelize\lib\model.js:958:11)
    at async Sequelize.sync (D:\projehCenter\coffi\node_modules\sequelize\lib\sequelize.js:377:9)
2025-05-12 00:08:38 [[31merror[39m]: Error
    at Query.run (D:\projehCenter\coffi\node_modules\sequelize\lib\dialects\mysql\query.js:52:25)
    at D:\projehCenter\coffi\node_modules\sequelize\lib\sequelize.js:315:28
    at process.processTicksAndRejections (node:internal/process/task_queues:95:5)
    at async MySQLQueryInterface.addColumn (D:\projehCenter\coffi\node_modules\sequelize\lib\dialects\abstract\query-interface.js:184:12)
    at async OrderProduct.sync (D:\projehCenter\coffi\node_modules\sequelize\lib\model.js:958:11)
    at async Sequelize.sync (D:\projehCenter\coffi\node_modules\sequelize\lib\sequelize.js:377:9)
2025-05-12 00:09:08 [[31merror[39m]: Error
    at Query.run (D:\projehCenter\coffi\node_modules\sequelize\lib\dialects\mysql\query.js:52:25)
    at D:\projehCenter\coffi\node_modules\sequelize\lib\sequelize.js:315:28
    at process.processTicksAndRejections (node:internal/process/task_queues:95:5)
    at async MySQLQueryInterface.addColumn (D:\projehCenter\coffi\node_modules\sequelize\lib\dialects\abstract\query-interface.js:184:12)
    at async OrderProduct.sync (D:\projehCenter\coffi\node_modules\sequelize\lib\model.js:958:11)
    at async Sequelize.sync (D:\projehCenter\coffi\node_modules\sequelize\lib\sequelize.js:377:9)
2025-05-12 00:17:08 [[31merror[39m]: Error
    at Query.run (D:\projehCenter\coffi\node_modules\sequelize\lib\dialects\mysql\query.js:52:25)
    at D:\projehCenter\coffi\node_modules\sequelize\lib\sequelize.js:315:28
    at process.processTicksAndRejections (node:internal/process/task_queues:95:5)
    at async MySQLQueryInterface.addColumn (D:\projehCenter\coffi\node_modules\sequelize\lib\dialects\abstract\query-interface.js:184:12)
    at async OrderProduct.sync (D:\projehCenter\coffi\node_modules\sequelize\lib\model.js:958:11)
    at async Sequelize.sync (D:\projehCenter\coffi\node_modules\sequelize\lib\sequelize.js:377:9)
2025-05-12 00:18:54 [[31merror[39m]: Error
    at Query.run (D:\projehCenter\coffi\node_modules\sequelize\lib\dialects\mysql\query.js:52:25)
    at D:\projehCenter\coffi\node_modules\sequelize\lib\sequelize.js:315:28
    at process.processTicksAndRejections (node:internal/process/task_queues:95:5)
    at async MySQLQueryInterface.addColumn (D:\projehCenter\coffi\node_modules\sequelize\lib\dialects\abstract\query-interface.js:184:12)
    at async OrderProduct.sync (D:\projehCenter\coffi\node_modules\sequelize\lib\model.js:958:11)
    at async Sequelize.sync (D:\projehCenter\coffi\node_modules\sequelize\lib\sequelize.js:377:9)
2025-05-12 00:19:35 [[31merror[39m]: Error
    at Query.run (D:\projehCenter\coffi\node_modules\sequelize\lib\dialects\mysql\query.js:52:25)
    at D:\projehCenter\coffi\node_modules\sequelize\lib\sequelize.js:315:28
    at process.processTicksAndRejections (node:internal/process/task_queues:95:5)
    at async MySQLQueryInterface.addColumn (D:\projehCenter\coffi\node_modules\sequelize\lib\dialects\abstract\query-interface.js:184:12)
    at async OrderProduct.sync (D:\projehCenter\coffi\node_modules\sequelize\lib\model.js:958:11)
    at async Sequelize.sync (D:\projehCenter\coffi\node_modules\sequelize\lib\sequelize.js:377:9)
2025-05-12 00:26:33 [[31merror[39m]: Error
    at Query.run (D:\projehCenter\coffi\node_modules\sequelize\lib\dialects\mysql\query.js:52:25)
    at D:\projehCenter\coffi\node_modules\sequelize\lib\sequelize.js:315:28
    at process.processTicksAndRejections (node:internal/process/task_queues:95:5)
    at async OrderProduct.sync (D:\projehCenter\coffi\node_modules\sequelize\lib\model.js:984:11)
    at async Sequelize.sync (D:\projehCenter\coffi\node_modules\sequelize\lib\sequelize.js:377:9)
2025-05-12 00:26:40 [[31merror[39m]: Error
    at Query.run (D:\projehCenter\coffi\node_modules\sequelize\lib\dialects\mysql\query.js:52:25)
    at D:\projehCenter\coffi\node_modules\sequelize\lib\sequelize.js:315:28
    at process.processTicksAndRejections (node:internal/process/task_queues:95:5)
    at async OrderProduct.sync (D:\projehCenter\coffi\node_modules\sequelize\lib\model.js:984:11)
    at async Sequelize.sync (D:\projehCenter\coffi\node_modules\sequelize\lib\sequelize.js:377:9)
2025-05-12 00:26:48 [[31merror[39m]: Error
    at Query.run (D:\projehCenter\coffi\node_modules\sequelize\lib\dialects\mysql\query.js:52:25)
    at D:\projehCenter\coffi\node_modules\sequelize\lib\sequelize.js:315:28
    at process.processTicksAndRejections (node:internal/process/task_queues:95:5)
    at async OrderProduct.sync (D:\projehCenter\coffi\node_modules\sequelize\lib\model.js:984:11)
    at async Sequelize.sync (D:\projehCenter\coffi\node_modules\sequelize\lib\sequelize.js:377:9)
2025-05-12 00:27:08 [[31merror[39m]: Error
    at Query.run (D:\projehCenter\coffi\node_modules\sequelize\lib\dialects\mysql\query.js:52:25)
    at D:\projehCenter\coffi\node_modules\sequelize\lib\sequelize.js:315:28
    at process.processTicksAndRejections (node:internal/process/task_queues:95:5)
    at async OrderProduct.sync (D:\projehCenter\coffi\node_modules\sequelize\lib\model.js:984:11)
    at async Sequelize.sync (D:\projehCenter\coffi\node_modules\sequelize\lib\sequelize.js:377:9)
2025-05-12 00:27:33 [[31merror[39m]: Error
    at Query.run (D:\projehCenter\coffi\node_modules\sequelize\lib\dialects\mysql\query.js:52:25)
    at D:\projehCenter\coffi\node_modules\sequelize\lib\sequelize.js:315:28
    at process.processTicksAndRejections (node:internal/process/task_queues:95:5)
    at async OrderProduct.sync (D:\projehCenter\coffi\node_modules\sequelize\lib\model.js:984:11)
    at async Sequelize.sync (D:\projehCenter\coffi\node_modules\sequelize\lib\sequelize.js:377:9)
2025-05-12 00:28:26 [[31merror[39m]: Error
    at Query.run (D:\projehCenter\coffi\node_modules\sequelize\lib\dialects\mysql\query.js:52:25)
    at D:\projehCenter\coffi\node_modules\sequelize\lib\sequelize.js:315:28
    at process.processTicksAndRejections (node:internal/process/task_queues:95:5)
    at async OrderProduct.sync (D:\projehCenter\coffi\node_modules\sequelize\lib\model.js:984:11)
    at async Sequelize.sync (D:\projehCenter\coffi\node_modules\sequelize\lib\sequelize.js:377:9)
2025-05-12 00:29:08 [[31merror[39m]: Error
    at Query.run (D:\projehCenter\coffi\node_modules\sequelize\lib\dialects\mysql\query.js:52:25)
    at D:\projehCenter\coffi\node_modules\sequelize\lib\sequelize.js:315:28
    at process.processTicksAndRejections (node:internal/process/task_queues:95:5)
    at async OrderProduct.sync (D:\projehCenter\coffi\node_modules\sequelize\lib\model.js:984:11)
    at async Sequelize.sync (D:\projehCenter\coffi\node_modules\sequelize\lib\sequelize.js:377:9)
2025-05-12 00:29:55 [[31merror[39m]: Error
    at Query.run (D:\projehCenter\coffi\node_modules\sequelize\lib\dialects\mysql\query.js:52:25)
    at D:\projehCenter\coffi\node_modules\sequelize\lib\sequelize.js:315:28
    at process.processTicksAndRejections (node:internal/process/task_queues:95:5)
    at async OrderProduct.sync (D:\projehCenter\coffi\node_modules\sequelize\lib\model.js:984:11)
    at async Sequelize.sync (D:\projehCenter\coffi\node_modules\sequelize\lib\sequelize.js:377:9)
2025-05-12 00:30:24 [[31merror[39m]: Error
    at Query.run (D:\projehCenter\coffi\node_modules\sequelize\lib\dialects\mysql\query.js:52:25)
    at D:\projehCenter\coffi\node_modules\sequelize\lib\sequelize.js:315:28
    at process.processTicksAndRejections (node:internal/process/task_queues:95:5)
    at async OrderProduct.sync (D:\projehCenter\coffi\node_modules\sequelize\lib\model.js:984:11)
    at async Sequelize.sync (D:\projehCenter\coffi\node_modules\sequelize\lib\sequelize.js:377:9)
2025-05-12 00:32:06 [[31merror[39m]: Error
    at Query.run (D:\projehCenter\coffi\node_modules\sequelize\lib\dialects\mysql\query.js:52:25)
    at D:\projehCenter\coffi\node_modules\sequelize\lib\sequelize.js:315:28
    at process.processTicksAndRejections (node:internal/process/task_queues:95:5)
    at async OrderProduct.sync (D:\projehCenter\coffi\node_modules\sequelize\lib\model.js:984:11)
    at async Sequelize.sync (D:\projehCenter\coffi\node_modules\sequelize\lib\sequelize.js:377:9)
2025-05-12 00:32:14 [[31merror[39m]: Error
    at Query.run (D:\projehCenter\coffi\node_modules\sequelize\lib\dialects\mysql\query.js:52:25)
    at D:\projehCenter\coffi\node_modules\sequelize\lib\sequelize.js:315:28
    at process.processTicksAndRejections (node:internal/process/task_queues:95:5)
    at async OrderProduct.sync (D:\projehCenter\coffi\node_modules\sequelize\lib\model.js:984:11)
    at async Sequelize.sync (D:\projehCenter\coffi\node_modules\sequelize\lib\sequelize.js:377:9)
2025-05-12 00:32:22 [[31merror[39m]: Error
    at Query.run (D:\projehCenter\coffi\node_modules\sequelize\lib\dialects\mysql\query.js:52:25)
    at D:\projehCenter\coffi\node_modules\sequelize\lib\sequelize.js:315:28
    at process.processTicksAndRejections (node:internal/process/task_queues:95:5)
    at async MySQLQueryInterface.dropTable (D:\projehCenter\coffi\node_modules\sequelize\lib\dialects\abstract\query-interface.js:111:5)
    at async Order.drop (D:\projehCenter\coffi\node_modules\sequelize\lib\model.js:1007:12)
    at async Sequelize.drop (D:\projehCenter\coffi\node_modules\sequelize\lib\sequelize.js:429:9)
    at async Sequelize.sync (D:\projehCenter\coffi\node_modules\sequelize\lib\sequelize.js:366:7)
    at async resetDatabase (D:\projehCenter\coffi\utils\db.js:86:5)
2025-05-12 00:32:59 [[31merror[39m]: Error
    at Query.run (D:\projehCenter\coffi\node_modules\sequelize\lib\dialects\mysql\query.js:52:25)
    at D:\projehCenter\coffi\node_modules\sequelize\lib\sequelize.js:315:28
    at process.processTicksAndRejections (node:internal/process/task_queues:95:5)
    at async OrderProduct.sync (D:\projehCenter\coffi\node_modules\sequelize\lib\model.js:984:11)
    at async Sequelize.sync (D:\projehCenter\coffi\node_modules\sequelize\lib\sequelize.js:377:9)
2025-05-12 00:33:13 [[31merror[39m]: Error
    at Query.run (D:\projehCenter\coffi\node_modules\sequelize\lib\dialects\mysql\query.js:52:25)
    at D:\projehCenter\coffi\node_modules\sequelize\lib\sequelize.js:315:28
    at process.processTicksAndRejections (node:internal/process/task_queues:95:5)
    at async OrderProduct.sync (D:\projehCenter\coffi\node_modules\sequelize\lib\model.js:984:11)
    at async Sequelize.sync (D:\projehCenter\coffi\node_modules\sequelize\lib\sequelize.js:377:9)
2025-05-12 00:40:38 [[31merror[39m]: Error
    at Query.run (D:\projehCenter\coffi\node_modules\sequelize\lib\dialects\mysql\query.js:52:25)
    at D:\projehCenter\coffi\node_modules\sequelize\lib\sequelize.js:315:28
    at process.processTicksAndRejections (node:internal/process/task_queues:95:5)
    at async OrderProduct.sync (D:\projehCenter\coffi\node_modules\sequelize\lib\model.js:984:11)
    at async Sequelize.sync (D:\projehCenter\coffi\node_modules\sequelize\lib\sequelize.js:377:9)
2025-05-12 00:53:06 [[31merror[39m]: Error
    at Query.run (D:\projehCenter\coffi\node_modules\sequelize\lib\dialects\mysql\query.js:52:25)
    at D:\projehCenter\coffi\node_modules\sequelize\lib\sequelize.js:315:28
    at process.processTicksAndRejections (node:internal/process/task_queues:95:5)
    at async OrderProduct.sync (D:\projehCenter\coffi\node_modules\sequelize\lib\model.js:984:11)
    at async Sequelize.sync (D:\projehCenter\coffi\node_modules\sequelize\lib\sequelize.js:377:9)
2025-05-12 00:55:11 [[31merror[39m]: Error
    at Query.run (D:\projehCenter\coffi\node_modules\sequelize\lib\dialects\mysql\query.js:52:25)
    at D:\projehCenter\coffi\node_modules\sequelize\lib\sequelize.js:315:28
    at process.processTicksAndRejections (node:internal/process/task_queues:95:5)
    at async OrderProduct.sync (D:\projehCenter\coffi\node_modules\sequelize\lib\model.js:984:11)
    at async Sequelize.sync (D:\projehCenter\coffi\node_modules\sequelize\lib\sequelize.js:377:9)
2025-05-12 00:55:15 [[31merror[39m]: Error
    at Query.run (D:\projehCenter\coffi\node_modules\sequelize\lib\dialects\mysql\query.js:52:25)
    at D:\projehCenter\coffi\node_modules\sequelize\lib\sequelize.js:315:28
    at process.processTicksAndRejections (node:internal/process/task_queues:95:5)
    at async OrderProduct.sync (D:\projehCenter\coffi\node_modules\sequelize\lib\model.js:984:11)
    at async Sequelize.sync (D:\projehCenter\coffi\node_modules\sequelize\lib\sequelize.js:377:9)
2025-05-12 00:55:19 [[31merror[39m]: Error
    at Query.run (D:\projehCenter\coffi\node_modules\sequelize\lib\dialects\mysql\query.js:52:25)
    at D:\projehCenter\coffi\node_modules\sequelize\lib\sequelize.js:315:28
    at process.processTicksAndRejections (node:internal/process/task_queues:95:5)
    at async OrderProduct.sync (D:\projehCenter\coffi\node_modules\sequelize\lib\model.js:984:11)
    at async Sequelize.sync (D:\projehCenter\coffi\node_modules\sequelize\lib\sequelize.js:377:9)
2025-05-12 00:55:28 [[31merror[39m]: Error
    at Query.run (D:\projehCenter\coffi\node_modules\sequelize\lib\dialects\mysql\query.js:52:25)
    at D:\projehCenter\coffi\node_modules\sequelize\lib\sequelize.js:315:28
    at process.processTicksAndRejections (node:internal/process/task_queues:95:5)
    at async OrderProduct.sync (D:\projehCenter\coffi\node_modules\sequelize\lib\model.js:984:11)
    at async Sequelize.sync (D:\projehCenter\coffi\node_modules\sequelize\lib\sequelize.js:377:9)
2025-05-12 00:55:46 [[31merror[39m]: Error
    at Query.run (D:\projehCenter\coffi\node_modules\sequelize\lib\dialects\mysql\query.js:52:25)
    at D:\projehCenter\coffi\node_modules\sequelize\lib\sequelize.js:315:28
    at process.processTicksAndRejections (node:internal/process/task_queues:95:5)
    at async OrderProduct.sync (D:\projehCenter\coffi\node_modules\sequelize\lib\model.js:984:11)
    at async Sequelize.sync (D:\projehCenter\coffi\node_modules\sequelize\lib\sequelize.js:377:9)
2025-05-12 00:56:08 [[31merror[39m]: Error
    at Query.run (D:\projehCenter\coffi\node_modules\sequelize\lib\dialects\mysql\query.js:52:25)
    at D:\projehCenter\coffi\node_modules\sequelize\lib\sequelize.js:315:28
    at process.processTicksAndRejections (node:internal/process/task_queues:95:5)
    at async OrderProduct.sync (D:\projehCenter\coffi\node_modules\sequelize\lib\model.js:984:11)
    at async Sequelize.sync (D:\projehCenter\coffi\node_modules\sequelize\lib\sequelize.js:377:9)
